<?xml version="1.0" encoding="UTF-8"?>
<!-- Generated by org.testng.reporters.JUnitReportReporter -->
<testsuite hostname="Alinas-MacBook-Air.local" failures="0" tests="1" name="com.w2a.APITestingFramework.testcases.paypal.CreateOrderTest" time="3.790" errors="0" timestamp="26 Feb 2021 17:38:48 GMT" skipped="0">
  <testcase classname="com.w2a.APITestingFramework.testcases.paypal.CreateOrderTest" name="createOrder" time="3.790"/>
</testsuite> <!-- com.w2a.APITestingFramework.testcases.paypal.CreateOrderTest -->
