<?xml version="1.0" encoding="UTF-8"?>
<!-- Generated by org.testng.reporters.JUnitReportReporter -->
<testsuite hostname="Alinas-MacBook-Air.local" failures="0" tests="1" name="com.w2a.APITestingFramework.testcases.paypal.GetOrderTest" time="1.000" errors="0" timestamp="26 Feb 2021 17:38:48 GMT" skipped="0">
  <testcase classname="com.w2a.APITestingFramework.testcases.paypal.GetOrderTest" name="getOrder" time="1.000"/>
</testsuite> <!-- com.w2a.APITestingFramework.testcases.paypal.GetOrderTest -->
